c:\users\kbara\source\repos\edushooter\edushooter\debug\vc142.pdb
c:\users\kbara\source\repos\edushooter\edushooter\debug\vc142.idb
c:\users\kbara\source\repos\edushooter\edushooter\debug\edushooter.obj
c:\users\kbara\source\repos\edushooter\edushooter\debug\weapon.obj
c:\users\kbara\source\repos\edushooter\edushooter\debug\threelevelboxset.obj
c:\users\kbara\source\repos\edushooter\edushooter\debug\threelevelbox.obj
c:\users\kbara\source\repos\edushooter\edushooter\debug\text.obj
c:\users\kbara\source\repos\edushooter\edushooter\debug\score.obj
c:\users\kbara\source\repos\edushooter\edushooter\debug\scene.obj
c:\users\kbara\source\repos\edushooter\edushooter\debug\room.obj
c:\users\kbara\source\repos\edushooter\edushooter\debug\rect.obj
c:\users\kbara\source\repos\edushooter\edushooter\debug\questionboxset.obj
c:\users\kbara\source\repos\edushooter\edushooter\debug\point.obj
c:\users\kbara\source\repos\edushooter\edushooter\debug\light.obj
c:\users\kbara\source\repos\edushooter\edushooter\debug\infobar.obj
c:\users\kbara\source\repos\edushooter\edushooter\debug\bullet.obj
c:\users\kbara\source\repos\edushooter\edushooter\debug\boxsetset.obj
c:\users\kbara\source\repos\edushooter\edushooter\debug\boxset.obj
c:\users\kbara\source\repos\edushooter\edushooter\debug\box.obj
c:\users\kbara\source\repos\edushooter\edushooter\debug\answerboxset.obj
c:\users\kbara\source\repos\edushooter\edushooter\debug\answerbox.obj
c:\users\kbara\source\repos\edushooter\edushooter\debug\edushooter.tlog\cl.command.1.tlog
c:\users\kbara\source\repos\edushooter\edushooter\debug\edushooter.tlog\cl.read.1.tlog
c:\users\kbara\source\repos\edushooter\edushooter\debug\edushooter.tlog\cl.write.1.tlog
